<?xml version="1.0" encoding="UTF-8"?>
<testng-results total="1" passed="1" failed="0" skipped="0">
  <reporter-output>
  </reporter-output>
  <suite started-at="2022-08-11T16:33:42Z" name="Default suite" finished-at="2022-08-11T16:33:46Z" duration-ms="3826">
    <groups>
    </groups>
    <test started-at="2022-08-11T16:33:42Z" name="Default test" finished-at="2022-08-11T16:33:46Z" duration-ms="3826">
      <class name="Page.PageAccueil">
        <test-method is-config="true" signature="setUp()[pri:0, instance:Page.PageAccueil@f0c8a99]" started-at="2022-08-11T17:33:42Z" name="setUp" finished-at="2022-08-11T17:33:45Z" duration-ms="3548" status="PASS">
          <reporter-output>
          </reporter-output>
        </test-method> <!-- setUp -->
        <test-method signature="verifierTitre()[pri:0, instance:Page.PageAccueil@f0c8a99]" started-at="2022-08-11T17:33:45Z" name="verifierTitre" finished-at="2022-08-11T17:33:45Z" duration-ms="104" status="PASS">
          <reporter-output>
          </reporter-output>
        </test-method> <!-- verifierTitre -->
        <test-method is-config="true" signature="tearDown()[pri:0, instance:Page.PageAccueil@f0c8a99]" started-at="2022-08-11T17:33:45Z" name="tearDown" finished-at="2022-08-11T17:33:46Z" duration-ms="153" status="PASS">
          <reporter-output>
          </reporter-output>
        </test-method> <!-- tearDown -->
      </class> <!-- Page.PageAccueil -->
    </test> <!-- Default test -->
  </suite> <!-- Default suite -->
</testng-results>
